<?xml version="1.0" encoding="utf-8"?>
<TestRun id="4129ed1f-6871-4ede-9946-c85ac5b426e5" name="k.krylov@K-KRYLOV-NB 2026-09-07 07:02:36" runUser="TSCRM\k.krylov" xmlns="http://microsoft.com/schemas/VisualStudio/TeamTest/2010">
  <Times creation="2026-09-07T07:02:36.0736063+02:00" queuing="2026-09-07T07:02:36.0736070+02:00" start="2026-09-07T07:02:28.6332233+02:00" finish="2026-09-07T07:02:41.8722058+02:00" />
  <TestSettings name="default" id="bd7d5226-d6bb-47fa-973c-bbf978f160c3">
    <Deployment runDeploymentRoot="k.krylov_K-KRYLOV-NB_2026-09-07_07_02_36" />
  </TestSettings>
  <Results>
    <UnitTestResult executionId="9be0a72f-8a87-43e3-88af-25bbc19206fe" testId="96cefb07-299e-2af4-1557-b7951d77c226" testName="EmailCommunicationCreation(&quot;person@gmail.com&quot;,False)" computerName="K-KRYLOV-NB" duration="00:00:00.3061010" startTime="2026-09-07T07:02:39.4998202+02:00" endTime="2026-09-07T07:02:39.8059217+02:00" testType="13cdc9d9-ddb5-4fa4-a97d-d965ccfc6d4b" outcome="Passed" testListId="8c84fa94-04c1-424b-9868-57a2d4851a1d" relativeResultsDirectory="9be0a72f-8a87-43e3-88af-25bbc19206fe" />
    <UnitTestResult executionId="5214fa6f-d4d8-4d85-a246-22f57b15d873" testId="b5f06998-bfd3-e4c7-519b-851d2c3ac033" testName="ExistingBlockedEmailPreventsUnrelatedContactUpdate(False)" computerName="K-KRYLOV-NB" duration="00:00:00.4774750" startTime="2026-09-07T07:02:40.5275503+02:00" endTime="2026-09-07T07:02:41.0050258+02:00" testType="13cdc9d9-ddb5-4fa4-a97d-d965ccfc6d4b" outcome="Passed" testListId="8c84fa94-04c1-424b-9868-57a2d4851a1d" relativeResultsDirectory="5214fa6f-d4d8-4d85-a246-22f57b15d873" />
    <UnitTestResult executionId="39b19851-f597-4816-b1a5-fcd7a5ff56b0" testId="b8d56de3-8627-a7dc-b402-2898bb5f6f8c" testName="ContactCreation(&quot;person@sub.gmail.com&quot;,True)" computerName="K-KRYLOV-NB" duration="00:00:00.3203410" startTime="2026-09-07T07:02:37.4444171+02:00" endTime="2026-09-07T07:02:37.7647591+02:00" testType="13cdc9d9-ddb5-4fa4-a97d-d965ccfc6d4b" outcome="Passed" testListId="8c84fa94-04c1-424b-9868-57a2d4851a1d" relativeResultsDirectory="39b19851-f597-4816-b1a5-fcd7a5ff56b0" />
    <UnitTestResult executionId="b750089c-d7db-412d-89d0-daaba06e43a8" testId="f57174e7-add9-9749-3a9a-7d5cce8e4ee9" testName="ContactCreation(&quot;Person@GMAIL.COM&quot;,False)" computerName="K-KRYLOV-NB" duration="00:00:00.1146040" startTime="2026-09-07T07:02:36.4629390+02:00" endTime="2026-09-07T07:02:36.5775430+02:00" testType="13cdc9d9-ddb5-4fa4-a97d-d965ccfc6d4b" outcome="Passed" testListId="8c84fa94-04c1-424b-9868-57a2d4851a1d" relativeResultsDirectory="b750089c-d7db-412d-89d0-daaba06e43a8" />
    <UnitTestResult executionId="6de5223f-adf4-4506-b6a7-8089ec4a42b2" testId="eb874532-8229-9b5d-7023-47e2f7ab0945" testName="CommunicationNumberOnlyUpdate(&quot;bad@gmail.com&quot;,False)" computerName="K-KRYLOV-NB" duration="00:00:01.2317040" startTime="2026-09-07T07:02:34.5325921+02:00" endTime="2026-09-07T07:02:35.7642624+02:00" testType="13cdc9d9-ddb5-4fa4-a97d-d965ccfc6d4b" outcome="Passed" testListId="8c84fa94-04c1-424b-9868-57a2d4851a1d" relativeResultsDirectory="6de5223f-adf4-4506-b6a7-8089ec4a42b2" />
    <UnitTestResult executionId="5c12872d-488c-4ffc-b558-e50f9a144d13" testId="a8f7ec06-3e74-ca63-de9d-a71017621932" testName="ContactCreation(&quot;person@example.org&quot;,True)" computerName="K-KRYLOV-NB" duration="00:00:00.4133760" startTime="2026-09-07T07:02:36.6866771+02:00" endTime="2026-09-07T07:02:37.1000536+02:00" testType="13cdc9d9-ddb5-4fa4-a97d-d965ccfc6d4b" outcome="Passed" testListId="8c84fa94-04c1-424b-9868-57a2d4851a1d" relativeResultsDirectory="5c12872d-488c-4ffc-b558-e50f9a144d13" />
    <UnitTestResult executionId="dec2cbcc-e08f-4b54-8937-2618b83baea0" testId="f1adf357-6804-aff6-6a82-51886d9ecfd1" testName="ContactCreation(&quot;person@yahoo.com&quot;,False)" computerName="K-KRYLOV-NB" duration="00:00:00.1315210" startTime="2026-09-07T07:02:36.3313700+02:00" endTime="2026-09-07T07:02:36.4628912+02:00" testType="13cdc9d9-ddb5-4fa4-a97d-d965ccfc6d4b" outcome="Passed" testListId="8c84fa94-04c1-424b-9868-57a2d4851a1d" relativeResultsDirectory="dec2cbcc-e08f-4b54-8937-2618b83baea0" />
    <UnitTestResult executionId="a5800c5a-7567-400e-8689-bf0b73586dd3" testId="0d4cb8e8-263b-a4b6-8258-7f17b3cb5511" testName="ExistingBlockedEmailPreventsUnrelatedContactUpdate(True)" computerName="K-KRYLOV-NB" duration="00:00:00.5115320" startTime="2026-09-07T07:02:41.0050801+02:00" endTime="2026-09-07T07:02:41.5166130+02:00" testType="13cdc9d9-ddb5-4fa4-a97d-d965ccfc6d4b" outcome="Passed" testListId="8c84fa94-04c1-424b-9868-57a2d4851a1d" relativeResultsDirectory="a5800c5a-7567-400e-8689-bf0b73586dd3" />
    <UnitTestResult executionId="36bd993a-4d4c-49f1-a5dd-3de171b5d719" testId="679633e0-3b57-d3a8-e101-ccd75844f3fd" testName="ContactCreation(&quot;person@notgmail.com&quot;,True)" computerName="K-KRYLOV-NB" duration="00:00:00.3442160" startTime="2026-09-07T07:02:37.1001019+02:00" endTime="2026-09-07T07:02:37.4443177+02:00" testType="13cdc9d9-ddb5-4fa4-a97d-d965ccfc6d4b" outcome="Passed" testListId="8c84fa94-04c1-424b-9868-57a2d4851a1d" relativeResultsDirectory="36bd993a-4d4c-49f1-a5dd-3de171b5d719" />
    <UnitTestResult executionId="24f05f7f-52ed-4386-b248-e541a24acf8a" testId="bad59a4b-070c-d18c-03f3-93fd9937545d" testName="ContactEmailUpdate(&quot;&quot;,True)" computerName="K-KRYLOV-NB" duration="00:00:00.3998090" startTime="2026-09-07T07:02:38.9639739+02:00" endTime="2026-09-07T07:02:39.3637854+02:00" testType="13cdc9d9-ddb5-4fa4-a97d-d965ccfc6d4b" outcome="Passed" testListId="8c84fa94-04c1-424b-9868-57a2d4851a1d" relativeResultsDirectory="24f05f7f-52ed-4386-b248-e541a24acf8a" />
    <UnitTestResult executionId="59d7dfc7-5b3e-4704-8336-0c695eb9e46d" testId="a2d55f1a-69d8-233d-2aad-33878132dd3a" testName="DataServiceReturnsActionableValidationMessage" computerName="K-KRYLOV-NB" duration="00:00:00.1358190" startTime="2026-09-07T07:02:39.3638977+02:00" endTime="2026-09-07T07:02:39.4997163+02:00" testType="13cdc9d9-ddb5-4fa4-a97d-d965ccfc6d4b" outcome="Passed" testListId="8c84fa94-04c1-424b-9868-57a2d4851a1d" relativeResultsDirectory="59d7dfc7-5b3e-4704-8336-0c695eb9e46d" />
    <UnitTestResult executionId="fe89cc57-6b24-4d1d-8c2c-e86be3101274" testId="386f8b3d-50df-37d3-b261-be76164c41db" testName="ContactCreation(&quot;&quot;,True)" computerName="K-KRYLOV-NB" duration="00:00:00.3851830" startTime="2026-09-07T07:02:37.7648161+02:00" endTime="2026-09-07T07:02:38.1499991+02:00" testType="13cdc9d9-ddb5-4fa4-a97d-d965ccfc6d4b" outcome="Passed" testListId="8c84fa94-04c1-424b-9868-57a2d4851a1d" relativeResultsDirectory="fe89cc57-6b24-4d1d-8c2c-e86be3101274" />
    <UnitTestResult executionId="5b923b34-2ccc-4583-a5d3-fe2f2cd3b9af" testId="bf826637-84dd-921b-8a3e-6c0f49f89887" testName="ContactEmailUpdate(&quot;person@gmail.com&quot;,False)" computerName="K-KRYLOV-NB" duration="00:00:00.4104220" startTime="2026-09-07T07:02:38.1501866+02:00" endTime="2026-09-07T07:02:38.5606089+02:00" testType="13cdc9d9-ddb5-4fa4-a97d-d965ccfc6d4b" outcome="Passed" testListId="8c84fa94-04c1-424b-9868-57a2d4851a1d" relativeResultsDirectory="5b923b34-2ccc-4583-a5d3-fe2f2cd3b9af" />
    <UnitTestResult executionId="2693df77-598e-456e-982a-ee1949ff3c91" testId="5e9aa03b-4e8e-623f-b7f6-ead3c863f883" testName="ContactCreation(&quot;person+tag@gmail.com&quot;,False)" computerName="K-KRYLOV-NB" duration="00:00:00.1090030" startTime="2026-09-07T07:02:36.5776009+02:00" endTime="2026-09-07T07:02:36.6866036+02:00" testType="13cdc9d9-ddb5-4fa4-a97d-d965ccfc6d4b" outcome="Passed" testListId="8c84fa94-04c1-424b-9868-57a2d4851a1d" relativeResultsDirectory="2693df77-598e-456e-982a-ee1949ff3c91" />
    <UnitTestResult executionId="22309c77-e6c0-45d8-86f1-e74223f1dc88" testId="d05fe5c5-fc52-27a6-2253-f7f936abe1d2" testName="ContactEmailUpdate(&quot;new@example.org&quot;,True)" computerName="K-KRYLOV-NB" duration="00:00:00.4032610" startTime="2026-09-07T07:02:38.5606627+02:00" endTime="2026-09-07T07:02:38.9639238+02:00" testType="13cdc9d9-ddb5-4fa4-a97d-d965ccfc6d4b" outcome="Passed" testListId="8c84fa94-04c1-424b-9868-57a2d4851a1d" relativeResultsDirectory="22309c77-e6c0-45d8-86f1-e74223f1dc88" />
    <UnitTestResult executionId="5bcb8fcb-eddf-44d2-a123-9f9be7455bd3" testId="ba2524f9-4b2e-714a-848f-d86c67890d36" testName="EmailCommunicationCreation(&quot;person@yahoo.com&quot;,False)" computerName="K-KRYLOV-NB" duration="00:00:00.3516420" startTime="2026-09-07T07:02:39.8059672+02:00" endTime="2026-09-07T07:02:40.1576097+02:00" testType="13cdc9d9-ddb5-4fa4-a97d-d965ccfc6d4b" outcome="Passed" testListId="8c84fa94-04c1-424b-9868-57a2d4851a1d" relativeResultsDirectory="5bcb8fcb-eddf-44d2-a123-9f9be7455bd3" />
    <UnitTestResult executionId="ca91342c-4da9-40bb-9a61-ce55f6f809b6" testId="1057af5b-c0ac-4335-61d0-ccefb8222d50" testName="ContactCreation(&quot;person@gmail.com&quot;,False)" computerName="K-KRYLOV-NB" duration="00:00:00.1267710" startTime="2026-09-07T07:02:36.2045595+02:00" endTime="2026-09-07T07:02:36.3313304+02:00" testType="13cdc9d9-ddb5-4fa4-a97d-d965ccfc6d4b" outcome="Passed" testListId="8c84fa94-04c1-424b-9868-57a2d4851a1d" relativeResultsDirectory="ca91342c-4da9-40bb-9a61-ce55f6f809b6" />
    <UnitTestResult executionId="aa556a97-e9ea-4f62-bddb-5d0289f95fa5" testId="488a002e-f45d-378d-54f1-14505256891d" testName="NonEmailCommunicationIsUnaffectedAndCannotBeChangedToBlockedEmail" computerName="K-KRYLOV-NB" duration="00:00:00.3124640" startTime="2026-09-07T07:02:41.5167266+02:00" endTime="2026-09-07T07:02:41.8291910+02:00" testType="13cdc9d9-ddb5-4fa4-a97d-d965ccfc6d4b" outcome="Passed" testListId="8c84fa94-04c1-424b-9868-57a2d4851a1d" relativeResultsDirectory="aa556a97-e9ea-4f62-bddb-5d0289f95fa5" />
    <UnitTestResult executionId="74dfb5d1-274f-4890-a0f9-abead2b1bfee" testId="309d50ff-2f2e-6831-6a65-0791b7fee720" testName="CommunicationNumberOnlyUpdate(&quot;new@example.org&quot;,True)" computerName="K-KRYLOV-NB" duration="00:00:00.4380970" startTime="2026-09-07T07:02:35.7650454+02:00" endTime="2026-09-07T07:02:36.2031426+02:00" testType="13cdc9d9-ddb5-4fa4-a97d-d965ccfc6d4b" outcome="Passed" testListId="8c84fa94-04c1-424b-9868-57a2d4851a1d" relativeResultsDirectory="74dfb5d1-274f-4890-a0f9-abead2b1bfee" />
    <UnitTestResult executionId="6960a7a0-2a3a-4b1d-9bec-fd7aaebc2b9d" testId="8927ed2d-fa82-696e-52d4-0172a28e4688" testName="EmailCommunicationCreation(&quot;person@example.org&quot;,True)" computerName="K-KRYLOV-NB" duration="00:00:00.3698070" startTime="2026-09-07T07:02:40.1576634+02:00" endTime="2026-09-07T07:02:40.5274708+02:00" testType="13cdc9d9-ddb5-4fa4-a97d-d965ccfc6d4b" outcome="Passed" testListId="8c84fa94-04c1-424b-9868-57a2d4851a1d" relativeResultsDirectory="6960a7a0-2a3a-4b1d-9bec-fd7aaebc2b9d" />
  </Results>
  <TestDefinitions>
    <UnitTest name="EmailCommunicationCreation(&quot;person@yahoo.com&quot;,False)" storage="f:\projects\workspaces\velux\tests\vibecodingdemo.integrationtests\bin\dev-n8\net10.0\vibecodingdemo.integrationtests.dll" id="ba2524f9-4b2e-714a-848f-d86c67890d36">
      <Execution id="5bcb8fcb-eddf-44d2-a123-9f9be7455bd3" />
      <TestMethod codeBase="F:\Projects\Workspaces\Velux\tests\VibeCodingDemo.IntegrationTests\bin\dev-n8\net10.0\VibeCodingDemo.IntegrationTests.dll" adapterTypeName="executor://nunit3testexecutor/" className="VibeCodingDemo.IntegrationTests.EmailDomainE2ETests" name="EmailCommunicationCreation(&quot;person@yahoo.com&quot;,False)" />
    </UnitTest>
    <UnitTest name="ContactCreation(&quot;person@notgmail.com&quot;,True)" storage="f:\projects\workspaces\velux\tests\vibecodingdemo.integrationtests\bin\dev-n8\net10.0\vibecodingdemo.integrationtests.dll" id="679633e0-3b57-d3a8-e101-ccd75844f3fd">
      <Execution id="36bd993a-4d4c-49f1-a5dd-3de171b5d719" />
      <TestMethod codeBase="F:\Projects\Workspaces\Velux\tests\VibeCodingDemo.IntegrationTests\bin\dev-n8\net10.0\VibeCodingDemo.IntegrationTests.dll" adapterTypeName="executor://nunit3testexecutor/" className="VibeCodingDemo.IntegrationTests.EmailDomainE2ETests" name="ContactCreation(&quot;person@notgmail.com&quot;,True)" />
    </UnitTest>
    <UnitTest name="DataServiceReturnsActionableValidationMessage" storage="f:\projects\workspaces\velux\tests\vibecodingdemo.integrationtests\bin\dev-n8\net10.0\vibecodingdemo.integrationtests.dll" id="a2d55f1a-69d8-233d-2aad-33878132dd3a">
      <Execution id="59d7dfc7-5b3e-4704-8336-0c695eb9e46d" />
      <TestMethod codeBase="F:\Projects\Workspaces\Velux\tests\VibeCodingDemo.IntegrationTests\bin\dev-n8\net10.0\VibeCodingDemo.IntegrationTests.dll" adapterTypeName="executor://nunit3testexecutor/" className="VibeCodingDemo.IntegrationTests.EmailDomainE2ETests" name="DataServiceReturnsActionableValidationMessage" />
    </UnitTest>
    <UnitTest name="ContactCreation(&quot;person@sub.gmail.com&quot;,True)" storage="f:\projects\workspaces\velux\tests\vibecodingdemo.integrationtests\bin\dev-n8\net10.0\vibecodingdemo.integrationtests.dll" id="b8d56de3-8627-a7dc-b402-2898bb5f6f8c">
      <Execution id="39b19851-f597-4816-b1a5-fcd7a5ff56b0" />
      <TestMethod codeBase="F:\Projects\Workspaces\Velux\tests\VibeCodingDemo.IntegrationTests\bin\dev-n8\net10.0\VibeCodingDemo.IntegrationTests.dll" adapterTypeName="executor://nunit3testexecutor/" className="VibeCodingDemo.IntegrationTests.EmailDomainE2ETests" name="ContactCreation(&quot;person@sub.gmail.com&quot;,True)" />
    </UnitTest>
    <UnitTest name="ContactCreation(&quot;person@yahoo.com&quot;,False)" storage="f:\projects\workspaces\velux\tests\vibecodingdemo.integrationtests\bin\dev-n8\net10.0\vibecodingdemo.integrationtests.dll" id="f1adf357-6804-aff6-6a82-51886d9ecfd1">
      <Execution id="dec2cbcc-e08f-4b54-8937-2618b83baea0" />
      <TestMethod codeBase="F:\Projects\Workspaces\Velux\tests\VibeCodingDemo.IntegrationTests\bin\dev-n8\net10.0\VibeCodingDemo.IntegrationTests.dll" adapterTypeName="executor://nunit3testexecutor/" className="VibeCodingDemo.IntegrationTests.EmailDomainE2ETests" name="ContactCreation(&quot;person@yahoo.com&quot;,False)" />
    </UnitTest>
    <UnitTest name="ContactEmailUpdate(&quot;&quot;,True)" storage="f:\projects\workspaces\velux\tests\vibecodingdemo.integrationtests\bin\dev-n8\net10.0\vibecodingdemo.integrationtests.dll" id="bad59a4b-070c-d18c-03f3-93fd9937545d">
      <Execution id="24f05f7f-52ed-4386-b248-e541a24acf8a" />
      <TestMethod codeBase="F:\Projects\Workspaces\Velux\tests\VibeCodingDemo.IntegrationTests\bin\dev-n8\net10.0\VibeCodingDemo.IntegrationTests.dll" adapterTypeName="executor://nunit3testexecutor/" className="VibeCodingDemo.IntegrationTests.EmailDomainE2ETests" name="ContactEmailUpdate(&quot;&quot;,True)" />
    </UnitTest>
    <UnitTest name="ContactEmailUpdate(&quot;new@example.org&quot;,True)" storage="f:\projects\workspaces\velux\tests\vibecodingdemo.integrationtests\bin\dev-n8\net10.0\vibecodingdemo.integrationtests.dll" id="d05fe5c5-fc52-27a6-2253-f7f936abe1d2">
      <Execution id="22309c77-e6c0-45d8-86f1-e74223f1dc88" />
      <TestMethod codeBase="F:\Projects\Workspaces\Velux\tests\VibeCodingDemo.IntegrationTests\bin\dev-n8\net10.0\VibeCodingDemo.IntegrationTests.dll" adapterTypeName="executor://nunit3testexecutor/" className="VibeCodingDemo.IntegrationTests.EmailDomainE2ETests" name="ContactEmailUpdate(&quot;new@example.org&quot;,True)" />
    </UnitTest>
    <UnitTest name="ContactCreation(&quot;person@example.org&quot;,True)" storage="f:\projects\workspaces\velux\tests\vibecodingdemo.integrationtests\bin\dev-n8\net10.0\vibecodingdemo.integrationtests.dll" id="a8f7ec06-3e74-ca63-de9d-a71017621932">
      <Execution id="5c12872d-488c-4ffc-b558-e50f9a144d13" />
      <TestMethod codeBase="F:\Projects\Workspaces\Velux\tests\VibeCodingDemo.IntegrationTests\bin\dev-n8\net10.0\VibeCodingDemo.IntegrationTests.dll" adapterTypeName="executor://nunit3testexecutor/" className="VibeCodingDemo.IntegrationTests.EmailDomainE2ETests" name="ContactCreation(&quot;person@example.org&quot;,True)" />
    </UnitTest>
    <UnitTest name="ContactCreation(&quot;Person@GMAIL.COM&quot;,False)" storage="f:\projects\workspaces\velux\tests\vibecodingdemo.integrationtests\bin\dev-n8\net10.0\vibecodingdemo.integrationtests.dll" id="f57174e7-add9-9749-3a9a-7d5cce8e4ee9">
      <Execution id="b750089c-d7db-412d-89d0-daaba06e43a8" />
      <TestMethod codeBase="F:\Projects\Workspaces\Velux\tests\VibeCodingDemo.IntegrationTests\bin\dev-n8\net10.0\VibeCodingDemo.IntegrationTests.dll" adapterTypeName="executor://nunit3testexecutor/" className="VibeCodingDemo.IntegrationTests.EmailDomainE2ETests" name="ContactCreation(&quot;Person@GMAIL.COM&quot;,False)" />
    </UnitTest>
    <UnitTest name="ExistingBlockedEmailPreventsUnrelatedContactUpdate(True)" storage="f:\projects\workspaces\velux\tests\vibecodingdemo.integrationtests\bin\dev-n8\net10.0\vibecodingdemo.integrationtests.dll" id="0d4cb8e8-263b-a4b6-8258-7f17b3cb5511">
      <Execution id="a5800c5a-7567-400e-8689-bf0b73586dd3" />
      <TestMethod codeBase="F:\Projects\Workspaces\Velux\tests\VibeCodingDemo.IntegrationTests\bin\dev-n8\net10.0\VibeCodingDemo.IntegrationTests.dll" adapterTypeName="executor://nunit3testexecutor/" className="VibeCodingDemo.IntegrationTests.EmailDomainE2ETests" name="ExistingBlockedEmailPreventsUnrelatedContactUpdate(True)" />
    </UnitTest>
    <UnitTest name="ExistingBlockedEmailPreventsUnrelatedContactUpdate(False)" storage="f:\projects\workspaces\velux\tests\vibecodingdemo.integrationtests\bin\dev-n8\net10.0\vibecodingdemo.integrationtests.dll" id="b5f06998-bfd3-e4c7-519b-851d2c3ac033">
      <Execution id="5214fa6f-d4d8-4d85-a246-22f57b15d873" />
      <TestMethod codeBase="F:\Projects\Workspaces\Velux\tests\VibeCodingDemo.IntegrationTests\bin\dev-n8\net10.0\VibeCodingDemo.IntegrationTests.dll" adapterTypeName="executor://nunit3testexecutor/" className="VibeCodingDemo.IntegrationTests.EmailDomainE2ETests" name="ExistingBlockedEmailPreventsUnrelatedContactUpdate(False)" />
    </UnitTest>
    <UnitTest name="ContactEmailUpdate(&quot;person@gmail.com&quot;,False)" storage="f:\projects\workspaces\velux\tests\vibecodingdemo.integrationtests\bin\dev-n8\net10.0\vibecodingdemo.integrationtests.dll" id="bf826637-84dd-921b-8a3e-6c0f49f89887">
      <Execution id="5b923b34-2ccc-4583-a5d3-fe2f2cd3b9af" />
      <TestMethod codeBase="F:\Projects\Workspaces\Velux\tests\VibeCodingDemo.IntegrationTests\bin\dev-n8\net10.0\VibeCodingDemo.IntegrationTests.dll" adapterTypeName="executor://nunit3testexecutor/" className="VibeCodingDemo.IntegrationTests.EmailDomainE2ETests" name="ContactEmailUpdate(&quot;person@gmail.com&quot;,False)" />
    </UnitTest>
    <UnitTest name="NonEmailCommunicationIsUnaffectedAndCannotBeChangedToBlockedEmail" storage="f:\projects\workspaces\velux\tests\vibecodingdemo.integrationtests\bin\dev-n8\net10.0\vibecodingdemo.integrationtests.dll" id="488a002e-f45d-378d-54f1-14505256891d">
      <Execution id="aa556a97-e9ea-4f62-bddb-5d0289f95fa5" />
      <TestMethod codeBase="F:\Projects\Workspaces\Velux\tests\VibeCodingDemo.IntegrationTests\bin\dev-n8\net10.0\VibeCodingDemo.IntegrationTests.dll" adapterTypeName="executor://nunit3testexecutor/" className="VibeCodingDemo.IntegrationTests.EmailDomainE2ETests" name="NonEmailCommunicationIsUnaffectedAndCannotBeChangedToBlockedEmail" />
    </UnitTest>
    <UnitTest name="ContactCreation(&quot;person+tag@gmail.com&quot;,False)" storage="f:\projects\workspaces\velux\tests\vibecodingdemo.integrationtests\bin\dev-n8\net10.0\vibecodingdemo.integrationtests.dll" id="5e9aa03b-4e8e-623f-b7f6-ead3c863f883">
      <Execution id="2693df77-598e-456e-982a-ee1949ff3c91" />
      <TestMethod codeBase="F:\Projects\Workspaces\Velux\tests\VibeCodingDemo.IntegrationTests\bin\dev-n8\net10.0\VibeCodingDemo.IntegrationTests.dll" adapterTypeName="executor://nunit3testexecutor/" className="VibeCodingDemo.IntegrationTests.EmailDomainE2ETests" name="ContactCreation(&quot;person+tag@gmail.com&quot;,False)" />
    </UnitTest>
    <UnitTest name="EmailCommunicationCreation(&quot;person@example.org&quot;,True)" storage="f:\projects\workspaces\velux\tests\vibecodingdemo.integrationtests\bin\dev-n8\net10.0\vibecodingdemo.integrationtests.dll" id="8927ed2d-fa82-696e-52d4-0172a28e4688">
      <Execution id="6960a7a0-2a3a-4b1d-9bec-fd7aaebc2b9d" />
      <TestMethod codeBase="F:\Projects\Workspaces\Velux\tests\VibeCodingDemo.IntegrationTests\bin\dev-n8\net10.0\VibeCodingDemo.IntegrationTests.dll" adapterTypeName="executor://nunit3testexecutor/" className="VibeCodingDemo.IntegrationTests.EmailDomainE2ETests" name="EmailCommunicationCreation(&quot;person@example.org&quot;,True)" />
    </UnitTest>
    <UnitTest name="CommunicationNumberOnlyUpdate(&quot;new@example.org&quot;,True)" storage="f:\projects\workspaces\velux\tests\vibecodingdemo.integrationtests\bin\dev-n8\net10.0\vibecodingdemo.integrationtests.dll" id="309d50ff-2f2e-6831-6a65-0791b7fee720">
      <Execution id="74dfb5d1-274f-4890-a0f9-abead2b1bfee" />
      <TestMethod codeBase="F:\Projects\Workspaces\Velux\tests\VibeCodingDemo.IntegrationTests\bin\dev-n8\net10.0\VibeCodingDemo.IntegrationTests.dll" adapterTypeName="executor://nunit3testexecutor/" className="VibeCodingDemo.IntegrationTests.EmailDomainE2ETests" name="CommunicationNumberOnlyUpdate(&quot;new@example.org&quot;,True)" />
    </UnitTest>
    <UnitTest name="ContactCreation(&quot;&quot;,True)" storage="f:\projects\workspaces\velux\tests\vibecodingdemo.integrationtests\bin\dev-n8\net10.0\vibecodingdemo.integrationtests.dll" id="386f8b3d-50df-37d3-b261-be76164c41db">
      <Execution id="fe89cc57-6b24-4d1d-8c2c-e86be3101274" />
      <TestMethod codeBase="F:\Projects\Workspaces\Velux\tests\VibeCodingDemo.IntegrationTests\bin\dev-n8\net10.0\VibeCodingDemo.IntegrationTests.dll" adapterTypeName="executor://nunit3testexecutor/" className="VibeCodingDemo.IntegrationTests.EmailDomainE2ETests" name="ContactCreation(&quot;&quot;,True)" />
    </UnitTest>
    <UnitTest name="EmailCommunicationCreation(&quot;person@gmail.com&quot;,False)" storage="f:\projects\workspaces\velux\tests\vibecodingdemo.integrationtests\bin\dev-n8\net10.0\vibecodingdemo.integrationtests.dll" id="96cefb07-299e-2af4-1557-b7951d77c226">
      <Execution id="9be0a72f-8a87-43e3-88af-25bbc19206fe" />
      <TestMethod codeBase="F:\Projects\Workspaces\Velux\tests\VibeCodingDemo.IntegrationTests\bin\dev-n8\net10.0\VibeCodingDemo.IntegrationTests.dll" adapterTypeName="executor://nunit3testexecutor/" className="VibeCodingDemo.IntegrationTests.EmailDomainE2ETests" name="EmailCommunicationCreation(&quot;person@gmail.com&quot;,False)" />
    </UnitTest>
    <UnitTest name="ContactCreation(&quot;person@gmail.com&quot;,False)" storage="f:\projects\workspaces\velux\tests\vibecodingdemo.integrationtests\bin\dev-n8\net10.0\vibecodingdemo.integrationtests.dll" id="1057af5b-c0ac-4335-61d0-ccefb8222d50">
      <Execution id="ca91342c-4da9-40bb-9a61-ce55f6f809b6" />
      <TestMethod codeBase="F:\Projects\Workspaces\Velux\tests\VibeCodingDemo.IntegrationTests\bin\dev-n8\net10.0\VibeCodingDemo.IntegrationTests.dll" adapterTypeName="executor://nunit3testexecutor/" className="VibeCodingDemo.IntegrationTests.EmailDomainE2ETests" name="ContactCreation(&quot;person@gmail.com&quot;,False)" />
    </UnitTest>
    <UnitTest name="CommunicationNumberOnlyUpdate(&quot;bad@gmail.com&quot;,False)" storage="f:\projects\workspaces\velux\tests\vibecodingdemo.integrationtests\bin\dev-n8\net10.0\vibecodingdemo.integrationtests.dll" id="eb874532-8229-9b5d-7023-47e2f7ab0945">
      <Execution id="6de5223f-adf4-4506-b6a7-8089ec4a42b2" />
      <TestMethod codeBase="F:\Projects\Workspaces\Velux\tests\VibeCodingDemo.IntegrationTests\bin\dev-n8\net10.0\VibeCodingDemo.IntegrationTests.dll" adapterTypeName="executor://nunit3testexecutor/" className="VibeCodingDemo.IntegrationTests.EmailDomainE2ETests" name="CommunicationNumberOnlyUpdate(&quot;bad@gmail.com&quot;,False)" />
    </UnitTest>
  </TestDefinitions>
  <TestEntries>
    <TestEntry testId="96cefb07-299e-2af4-1557-b7951d77c226" executionId="9be0a72f-8a87-43e3-88af-25bbc19206fe" testListId="8c84fa94-04c1-424b-9868-57a2d4851a1d" />
    <TestEntry testId="b5f06998-bfd3-e4c7-519b-851d2c3ac033" executionId="5214fa6f-d4d8-4d85-a246-22f57b15d873" testListId="8c84fa94-04c1-424b-9868-57a2d4851a1d" />
    <TestEntry testId="b8d56de3-8627-a7dc-b402-2898bb5f6f8c" executionId="39b19851-f597-4816-b1a5-fcd7a5ff56b0" testListId="8c84fa94-04c1-424b-9868-57a2d4851a1d" />
    <TestEntry testId="f57174e7-add9-9749-3a9a-7d5cce8e4ee9" executionId="b750089c-d7db-412d-89d0-daaba06e43a8" testListId="8c84fa94-04c1-424b-9868-57a2d4851a1d" />
    <TestEntry testId="eb874532-8229-9b5d-7023-47e2f7ab0945" executionId="6de5223f-adf4-4506-b6a7-8089ec4a42b2" testListId="8c84fa94-04c1-424b-9868-57a2d4851a1d" />
    <TestEntry testId="a8f7ec06-3e74-ca63-de9d-a71017621932" executionId="5c12872d-488c-4ffc-b558-e50f9a144d13" testListId="8c84fa94-04c1-424b-9868-57a2d4851a1d" />
    <TestEntry testId="f1adf357-6804-aff6-6a82-51886d9ecfd1" executionId="dec2cbcc-e08f-4b54-8937-2618b83baea0" testListId="8c84fa94-04c1-424b-9868-57a2d4851a1d" />
    <TestEntry testId="0d4cb8e8-263b-a4b6-8258-7f17b3cb5511" executionId="a5800c5a-7567-400e-8689-bf0b73586dd3" testListId="8c84fa94-04c1-424b-9868-57a2d4851a1d" />
    <TestEntry testId="679633e0-3b57-d3a8-e101-ccd75844f3fd" executionId="36bd993a-4d4c-49f1-a5dd-3de171b5d719" testListId="8c84fa94-04c1-424b-9868-57a2d4851a1d" />
    <TestEntry testId="bad59a4b-070c-d18c-03f3-93fd9937545d" executionId="24f05f7f-52ed-4386-b248-e541a24acf8a" testListId="8c84fa94-04c1-424b-9868-57a2d4851a1d" />
    <TestEntry testId="a2d55f1a-69d8-233d-2aad-33878132dd3a" executionId="59d7dfc7-5b3e-4704-8336-0c695eb9e46d" testListId="8c84fa94-04c1-424b-9868-57a2d4851a1d" />
    <TestEntry testId="386f8b3d-50df-37d3-b261-be76164c41db" executionId="fe89cc57-6b24-4d1d-8c2c-e86be3101274" testListId="8c84fa94-04c1-424b-9868-57a2d4851a1d" />
    <TestEntry testId="bf826637-84dd-921b-8a3e-6c0f49f89887" executionId="5b923b34-2ccc-4583-a5d3-fe2f2cd3b9af" testListId="8c84fa94-04c1-424b-9868-57a2d4851a1d" />
    <TestEntry testId="5e9aa03b-4e8e-623f-b7f6-ead3c863f883" executionId="2693df77-598e-456e-982a-ee1949ff3c91" testListId="8c84fa94-04c1-424b-9868-57a2d4851a1d" />
    <TestEntry testId="d05fe5c5-fc52-27a6-2253-f7f936abe1d2" executionId="22309c77-e6c0-45d8-86f1-e74223f1dc88" testListId="8c84fa94-04c1-424b-9868-57a2d4851a1d" />
    <TestEntry testId="ba2524f9-4b2e-714a-848f-d86c67890d36" executionId="5bcb8fcb-eddf-44d2-a123-9f9be7455bd3" testListId="8c84fa94-04c1-424b-9868-57a2d4851a1d" />
    <TestEntry testId="1057af5b-c0ac-4335-61d0-ccefb8222d50" executionId="ca91342c-4da9-40bb-9a61-ce55f6f809b6" testListId="8c84fa94-04c1-424b-9868-57a2d4851a1d" />
    <TestEntry testId="488a002e-f45d-378d-54f1-14505256891d" executionId="aa556a97-e9ea-4f62-bddb-5d0289f95fa5" testListId="8c84fa94-04c1-424b-9868-57a2d4851a1d" />
    <TestEntry testId="309d50ff-2f2e-6831-6a65-0791b7fee720" executionId="74dfb5d1-274f-4890-a0f9-abead2b1bfee" testListId="8c84fa94-04c1-424b-9868-57a2d4851a1d" />
    <TestEntry testId="8927ed2d-fa82-696e-52d4-0172a28e4688" executionId="6960a7a0-2a3a-4b1d-9bec-fd7aaebc2b9d" testListId="8c84fa94-04c1-424b-9868-57a2d4851a1d" />
  </TestEntries>
  <TestLists>
    <TestList name="Results Not in a List" id="8c84fa94-04c1-424b-9868-57a2d4851a1d" />
    <TestList name="All Loaded Results" id="19431567-8539-422a-85d7-44ee4e166bda" />
  </TestLists>
  <ResultSummary outcome="Completed">
    <Counters total="20" executed="20" passed="20" failed="0" error="0" timeout="0" aborted="0" inconclusive="0" passedButRunAborted="0" notRunnable="0" notExecuted="0" disconnected="0" warning="0" completed="0" inProgress="0" pending="0" />
    <Output>
      <StdOut>NUnit Adapter 6.1.0.0: Test execution started&#xD;
Running all tests in F:\Projects\Workspaces\Velux\tests\VibeCodingDemo.IntegrationTests\bin\dev-n8\net10.0\VibeCodingDemo.IntegrationTests.dll&#xD;
   NUnit3TestExecutor discovered 20 of 20 NUnit test cases using Current Discovery mode, Non-Explicit run&#xD;
NUnit Adapter 6.1.0.0: Test execution complete&#xD;
</StdOut>
    </Output>
  </ResultSummary>
</TestRun>